<?xml version="1.0" encoding="UTF-8"?>
<!-- Generated by org.testng.reporters.JUnitReportReporter -->
<testsuite hostname="DESKTOP-62AN9KN" failures="0" tests="3" name="testsuite.DriverScript" time="144.819" errors="0" timestamp="2024-02-27T17:15:27 IST" skipped="0">
  <testcase classname="testsuite.DriverScript" name="feature" time="59.337"/>
  <testcase classname="testsuite.DriverScript" name="feature" time="30.695"/>
  <testcase classname="testsuite.DriverScript" name="feature" time="54.787"/>
</testsuite> <!-- testsuite.DriverScript -->
